<?xml version="1.0" encoding="UTF-8"?>
<!-- Generated by org.testng.reporters.JUnitXMLReporter -->
<testsuite ignored="2" hostname="LAPTOP-ILLNRTUL" failures="1" tests="1" name="Default test(failed)" time="9.814" errors="0" timestamp="2022-06-16T16:04:52 IST">
  <testcase classname="TestCases.DashboardTest" name="usernameTest" time="2.123">
    <failure type="java.lang.AssertionError" message="expected [Punit Randhi Madankar] but found [Punit Randhir Madankar]">
      <![CDATA[java.lang.AssertionError: expected [Punit Randhi Madankar] but found [Punit Randhir Madankar]
at TestCases.DashboardTest.usernameTest(DashboardTest.java:33)
at java.base/java.util.ArrayList.forEach(ArrayList.java:1511)
... Removed 33 stack frames]]>
    </failure>
  </testcase> <!-- usernameTest -->
  <testcase classname="TestCases.DashboardTest" name="creatGttTest" time="0.0">
    <ignored/>
  </testcase> <!-- creatGttTest -->
  <testcase classname="TestCases.DashboardTest" name="emailIDTest" time="0.0">
    <ignored/>
  </testcase> <!-- emailIDTest -->
</testsuite> <!-- Default test(failed) -->
