<?xml version="1.0" encoding="UTF-8"?>
<!-- Generated by org.testng.reporters.JUnitXMLReporter -->
<testsuite ignored="2" hostname="LAPTOP-ILLNRTUL" failures="0" tests="1" name="Default test(failed)(failed)" time="8.749" errors="0" timestamp="2022-06-16T16:07:40 IST">
  <testcase classname="TestCases.DashboardTest" name="usernameTest" time="2.121"/>
  <testcase classname="TestCases.DashboardTest" name="creatGttTest" time="0.0">
    <ignored/>
  </testcase> <!-- creatGttTest -->
  <testcase classname="TestCases.DashboardTest" name="emailIDTest" time="0.0">
    <ignored/>
  </testcase> <!-- emailIDTest -->
</testsuite> <!-- Default test(failed)(failed) -->
